2026-06-27 08:44:22,153 [INFO] ==================================================
2026-06-27 08:44:22,154 [INFO] 到期项到期后台监控服务启动
2026-06-27 08:44:22,154 [INFO] 检查频率：每分钟一次
2026-06-27 08:44:22,154 [INFO] ==================================================
2026-06-27 09:27:15,775 [INFO] ==================================================
2026-06-27 09:27:15,776 [INFO] 到期项到期后台监控服务启动
2026-06-27 09:27:15,776 [INFO] 检查频率：每分钟一次
2026-06-27 09:27:15,776 [INFO] ==================================================
2026-06-27 09:32:59,646 [INFO] 收到到 SIGTERM，停止主命循环...
2026-06-27 09:33:10,713 [INFO] ==================================================
2026-06-27 09:33:10,713 [INFO] 到期项到期后台监控服务启动
2026-06-27 09:33:10,713 [INFO] 检查频率：每分钟一次
2026-06-27 09:33:10,713 [INFO] ==================================================
2026-06-27 10:52:19,040 [INFO] 收到到 SIGTERM，停止主命循环...
2026-06-27 10:55:24,776 [INFO] ==================================================
2026-06-27 10:55:24,777 [INFO] 到期项到期后台监控服务启动
2026-06-27 10:55:24,777 [INFO] 检查频率：每分钟一次
2026-06-27 10:55:24,777 [INFO] ==================================================
2026-06-29 08:55:04,536 [INFO] ==================================================
2026-06-29 08:55:04,536 [INFO] 到期项到期后台监控服务启动
2026-06-29 08:55:04,537 [INFO] 检查频率：每分钟一次
2026-06-29 08:55:04,537 [INFO] ==================================================
2026-06-29 08:59:24,203 [INFO] 收到到 SIGTERM，停止主命循环...
2026-06-29 08:59:35,376 [INFO] ==================================================
2026-06-29 08:59:35,376 [INFO] 到期项到期后台监控服务启动
2026-06-29 08:59:35,376 [INFO] 检查频率：每分钟一次
2026-06-29 08:59:35,376 [INFO] ==================================================
2026-06-29 09:04:05,363 [INFO] 收到到 SIGTERM，停止主命循环...
2026-06-29 09:04:19,343 [INFO] ==================================================
2026-06-29 09:04:19,350 [INFO] 到期项到期后台监控服务启动
2026-06-29 09:04:19,350 [INFO] 检查频率：每分钟一次
2026-06-29 09:04:19,350 [INFO] ==================================================
2026-06-29 09:40:50,647 [INFO] 收到到 SIGTERM，停止主命循环...
2026-06-29 09:41:02,394 [INFO] ==================================================
2026-06-29 09:41:02,394 [INFO] 到期项到期后台监控服务启动
2026-06-29 09:41:02,394 [INFO] 检查频率：每分钟一次
2026-06-29 09:41:02,394 [INFO] ==================================================
2026-06-29 10:25:23,792 [INFO] ==================================================
2026-06-29 10:25:23,792 [INFO] 到期项到期后台监控服务启动
2026-06-29 10:25:23,792 [INFO] 检查频率：每分钟一次
2026-06-29 10:25:23,792 [INFO] ==================================================
2026-06-29 10:38:56,292 [INFO] ==================================================
2026-06-29 10:38:56,293 [INFO] 到期项到期后台监控服务启动
2026-06-29 10:38:56,293 [INFO] 检查频率：每分钟一次
2026-06-29 10:38:56,293 [INFO] ==================================================
2026-06-29 10:55:04,889 [INFO] ==================================================
2026-06-29 10:55:04,890 [INFO] 到期项到期后台监控服务启动
2026-06-29 10:55:04,890 [INFO] 检查频率：每分钟一次
2026-06-29 10:55:04,891 [INFO] ==================================================
2026-06-29 11:04:18,415 [INFO] ==================================================
2026-06-29 11:04:18,415 [INFO] 到期项到期后台监控服务启动
2026-06-29 11:04:18,415 [INFO] 检查频率：每分钟一次
2026-06-29 11:04:18,415 [INFO] ==================================================
2026-06-29 11:06:38,899 [INFO] ==================================================
2026-06-29 11:06:38,900 [INFO] 到期项到期后台监控服务启动
2026-06-29 11:06:38,900 [INFO] 检查频率：每分钟一次
2026-06-29 11:06:38,900 [INFO] ==================================================
2026-06-29 11:18:19,421 [INFO] ==================================================
2026-06-29 11:18:19,421 [INFO] 到期项到期后台监控服务启动
2026-06-29 11:18:19,422 [INFO] 检查频率：每分钟一次
2026-06-29 11:18:19,422 [INFO] ==================================================
2026-06-29 11:29:17,963 [INFO] ==================================================
2026-06-29 11:29:17,964 [INFO] 到期项到期后台监控服务启动
2026-06-29 11:29:17,964 [INFO] 检查频率：每分钟一次
2026-06-29 11:29:17,964 [INFO] ==================================================
2026-06-29 14:25:31,774 [INFO] 收到到 SIGTERM，停止主命循环...
2026-06-29 14:25:43,432 [INFO] ==================================================
2026-06-29 14:25:43,433 [INFO] 到期项到期后台监控服务启动
2026-06-29 14:25:43,433 [INFO] 检查频率：每分钟一次
2026-06-29 14:25:43,433 [INFO] ==================================================
2026-06-29 16:25:11,271 [INFO] 收到到 SIGTERM，停止主命循环...
2026-06-29 16:25:27,829 [INFO] ==================================================
2026-06-29 16:25:27,829 [INFO] 到期项到期后台监控服务启动
2026-06-29 16:25:27,829 [INFO] 检查频率：每分钟一次
2026-06-29 16:25:27,829 [INFO] ==================================================
2026-06-29 16:31:30,334 [INFO] 收到到 SIGTERM，停止主命循环...
2026-06-29 16:31:44,576 [INFO] ==================================================
2026-06-29 16:31:44,577 [INFO] 到期项到期后台监控服务启动
2026-06-29 16:31:44,577 [INFO] 检查频率：每分钟一次
2026-06-29 16:31:44,577 [INFO] ==================================================
2026-06-29 16:58:04,686 [INFO] 收到到 SIGTERM，停止主命循环...
2026-06-29 16:58:16,179 [INFO] ==================================================
2026-06-29 16:58:16,179 [INFO] 到期项到期后台监控服务启动
2026-06-29 16:58:16,179 [INFO] 检查频率：每分钟一次
2026-06-29 16:58:16,179 [INFO] ==================================================
2026-06-29 17:17:17,947 [INFO] 收到到 SIGTERM，停止主命循环...
2026-06-29 17:17:29,631 [INFO] ==================================================
2026-06-29 17:17:29,631 [INFO] 到期项到期后台监控服务启动
2026-06-29 17:17:29,631 [INFO] 检查频率：每分钟一次
2026-06-29 17:17:29,631 [INFO] ==================================================
2026-06-29 17:19:59,689 [INFO] 收到到 SIGTERM，停止主命循环...
2026-06-29 17:20:11,126 [INFO] ==================================================
2026-06-29 17:20:11,126 [INFO] 到期项到期后台监控服务启动
2026-06-29 17:20:11,127 [INFO] 检查频率：每分钟一次
2026-06-29 17:20:11,127 [INFO] ==================================================
2026-06-29 17:21:07,916 [INFO] 收到到 SIGTERM，停止主命循环...
2026-06-29 17:21:22,745 [INFO] ==================================================
2026-06-29 17:21:22,746 [INFO] 到期项到期后台监控服务启动
2026-06-29 17:21:22,746 [INFO] 检查频率：每分钟一次
2026-06-29 17:21:22,746 [INFO] ==================================================
2026-06-29 20:18:09,085 [INFO] 收到到 SIGTERM，停止主命循环...
2026-06-29 20:18:20,309 [INFO] ==================================================
2026-06-29 20:18:20,309 [INFO] 到期项到期后台监控服务启动
2026-06-29 20:18:20,309 [INFO] 检查频率：每分钟一次
2026-06-29 20:18:20,309 [INFO] ==================================================
2026-06-29 23:11:29,043 [INFO] 收到到 SIGTERM，停止主命循环...
2026-06-29 23:11:40,324 [INFO] ==================================================
2026-06-29 23:11:40,325 [INFO] 到期项到期后台监控服务启动
2026-06-29 23:11:40,325 [INFO] 检查频率：每分钟一次
2026-06-29 23:11:40,325 [INFO] ==================================================
2026-06-30 07:41:38,527 [INFO] 收到到 SIGTERM，停止主命循环...
2026-06-30 07:41:49,771 [INFO] ==================================================
2026-06-30 07:41:49,772 [INFO] 到期项到期后台监控服务启动
2026-06-30 07:41:49,772 [INFO] 检查频率：每分钟一次
2026-06-30 07:41:49,772 [INFO] ==================================================
2026-06-30 07:58:02,312 [INFO] 收到到 SIGTERM，停止主命循环...
2026-06-30 07:58:13,324 [INFO] ==================================================
2026-06-30 07:58:13,324 [INFO] 到期项到期后台监控服务启动
2026-06-30 07:58:13,324 [INFO] 检查频率：每分钟一次
2026-06-30 07:58:13,324 [INFO] ==================================================
2026-06-30 07:59:16,027 [INFO] 收到到 SIGTERM，停止主命循环...
2026-06-30 07:59:27,429 [INFO] ==================================================
2026-06-30 07:59:27,429 [INFO] 到期项到期后台监控服务启动
2026-06-30 07:59:27,430 [INFO] 检查频率：每分钟一次
2026-06-30 07:59:27,430 [INFO] ==================================================
2026-06-30 08:02:00,667 [INFO] 收到到 SIGTERM，停止主命循环...
2026-06-30 08:02:12,485 [INFO] ==================================================
2026-06-30 08:02:12,486 [INFO] 到期项到期后台监控服务启动
2026-06-30 08:02:12,486 [INFO] 检查频率：每分钟一次
2026-06-30 08:02:12,486 [INFO] ==================================================
2026-06-30 08:25:23,987 [INFO] 收到到 SIGTERM，停止主命循环...
2026-06-30 08:25:35,820 [INFO] ==================================================
2026-06-30 08:25:35,820 [INFO] 到期项到期后台监控服务启动
2026-06-30 08:25:35,820 [INFO] 检查频率：每分钟一次
2026-06-30 08:25:35,821 [INFO] ==================================================
2026-06-30 08:36:46,882 [INFO] 收到到 SIGTERM，停止主命循环...
2026-06-30 08:36:58,770 [INFO] ==================================================
2026-06-30 08:36:58,770 [INFO] 到期项到期后台监控服务启动
2026-06-30 08:36:58,770 [INFO] 检查频率：每分钟一次
2026-06-30 08:36:58,770 [INFO] ==================================================
2026-06-30 08:50:49,306 [INFO] 收到到 SIGTERM，停止主命循环...
2026-06-30 08:51:00,543 [INFO] ==================================================
2026-06-30 08:51:00,544 [INFO] 到期项到期后台监控服务启动
2026-06-30 08:51:00,544 [INFO] 检查频率：每分钟一次
2026-06-30 08:51:00,544 [INFO] ==================================================
2026-06-30 08:52:31,215 [INFO] 收到到 SIGTERM，停止主命循环...
2026-06-30 08:52:42,822 [INFO] ==================================================
2026-06-30 08:52:42,822 [INFO] 到期项到期后台监控服务启动
2026-06-30 08:52:42,822 [INFO] 检查频率：每分钟一次
2026-06-30 08:52:42,822 [INFO] ==================================================
2026-06-30 12:16:47,543 [INFO] 收到到 SIGTERM，停止主命循环...
2026-06-30 12:16:58,835 [INFO] ==================================================
2026-06-30 12:16:58,835 [INFO] 到期项到期后台监控服务启动
2026-06-30 12:16:58,835 [INFO] 检查频率：每分钟一次
2026-06-30 12:16:58,835 [INFO] ==================================================
2026-06-30 18:37:30,513 [INFO] 收到到 SIGTERM，停止主命循环...
2026-06-30 18:37:42,738 [INFO] ==================================================
2026-06-30 18:37:42,738 [INFO] 到期项到期后台监控服务启动
2026-06-30 18:37:42,738 [INFO] 检查频率：每分钟一次
2026-06-30 18:37:42,738 [INFO] ==================================================
2026-06-30 19:02:06,242 [INFO] 收到到 SIGTERM，停止主命循环...
2026-06-30 19:02:17,960 [INFO] ==================================================
2026-06-30 19:02:17,960 [INFO] 到期项到期后台监控服务启动
2026-06-30 19:02:17,960 [INFO] 检查频率：每分钟一次
2026-06-30 19:02:17,960 [INFO] ==================================================
2026-06-30 19:57:21,962 [INFO] 收到到 SIGTERM，停止主命循环...
2026-06-30 19:57:33,792 [INFO] ==================================================
2026-06-30 19:57:33,793 [INFO] 到期项到期后台监控服务启动
2026-06-30 19:57:33,793 [INFO] 检查频率：每分钟一次
2026-06-30 19:57:33,793 [INFO] ==================================================
2026-06-30 19:57:33,799 [INFO] 自动备份完成: /app/backups/backup_20260630_195733.json
2026-06-30 22:16:33,931 [INFO] 收到到 SIGTERM，停止主命循环...
2026-06-30 22:16:45,628 [INFO] ==================================================
2026-06-30 22:16:45,628 [INFO] 到期项到期后台监控服务启动
2026-06-30 22:16:45,628 [INFO] 检查频率：每分钟一次
2026-06-30 22:16:45,629 [INFO] ==================================================
2026-06-30 22:30:05,550 [INFO] 收到到 SIGTERM，停止主命循环...
2026-06-30 22:30:17,554 [INFO] ==================================================
2026-06-30 22:30:17,554 [INFO] 到期项到期后台监控服务启动
2026-06-30 22:30:17,554 [INFO] 检查频率：每分钟一次
2026-06-30 22:30:17,554 [INFO] ==================================================
2026-06-30 23:40:05,563 [INFO] 收到到 SIGTERM，停止主命循环...
2026-06-30 23:40:17,524 [INFO] ==================================================
2026-06-30 23:40:17,524 [INFO] 到期项到期后台监控服务启动
2026-06-30 23:40:17,524 [INFO] 检查频率：每分钟一次
2026-06-30 23:40:17,524 [INFO] ==================================================
2026-07-01 08:36:15,261 [INFO] 收到到 SIGTERM，停止主命循环...
2026-07-01 08:38:35,070 [INFO] ==================================================
2026-07-01 08:38:35,071 [INFO] 到期项到期后台监控服务启动
2026-07-01 08:38:35,071 [INFO] 检查频率：每分钟一次
2026-07-01 08:38:35,071 [INFO] ==================================================
2026-07-01 08:39:35,079 [ERROR] 检查异常: 'ttl'
2026-07-01 08:40:40,085 [ERROR] 检查异常: 'ttl'
2026-07-01 08:41:45,090 [ERROR] 检查异常: 'ttl'
2026-07-01 08:42:50,096 [ERROR] 检查异常: 'ttl'
2026-07-01 08:43:55,102 [ERROR] 检查异常: 'ttl'
2026-07-01 08:45:00,107 [ERROR] 检查异常: 'ttl'
2026-07-01 08:46:05,112 [ERROR] 检查异常: 'ttl'
2026-07-01 08:47:05,172 [INFO] 收到到 SIGTERM，停止主命循环...
2026-07-01 08:47:10,117 [ERROR] 检查异常: 'ttl'
2026-07-01 08:47:16,988 [INFO] ==================================================
2026-07-01 08:47:16,988 [INFO] 到期项到期后台监控服务启动
2026-07-01 08:47:16,988 [INFO] 检查频率：每分钟一次
2026-07-01 08:47:16,988 [INFO] ==================================================
2026-07-01 08:48:16,995 [ERROR] 检查异常: 'ttl'
2026-07-01 08:49:22,000 [ERROR] 检查异常: 'ttl'
2026-07-01 08:50:11,143 [INFO] 收到到 SIGTERM，停止主命循环...
2026-07-01 09:09:11,083 [INFO] ==================================================
2026-07-01 09:09:11,085 [INFO] 到期项到期后台监控服务启动
2026-07-01 09:09:11,085 [INFO] 检查频率：每分钟一次
2026-07-01 09:09:11,085 [INFO] ==================================================
2026-07-01 09:10:11,093 [ERROR] 检查异常: 'ttl'
2026-07-01 09:11:16,099 [ERROR] 检查异常: 'ttl'
2026-07-01 09:12:21,104 [ERROR] 检查异常: 'ttl'
2026-07-01 09:13:26,110 [ERROR] 检查异常: 'ttl'
2026-07-01 09:14:12,351 [INFO] 收到到 SIGTERM，停止主命循环...
2026-07-01 09:14:24,372 [INFO] ==================================================
2026-07-01 09:14:24,372 [INFO] 到期项到期后台监控服务启动
2026-07-01 09:14:24,372 [INFO] 检查频率：每分钟一次
2026-07-01 09:14:24,372 [INFO] ==================================================
2026-07-01 09:15:24,380 [ERROR] 检查异常: 'ttl'
2026-07-01 09:16:29,386 [ERROR] 检查异常: 'ttl'
2026-07-01 09:17:34,392 [ERROR] 检查异常: 'ttl'
2026-07-01 09:18:39,397 [ERROR] 检查异常: 'ttl'
2026-07-01 09:19:44,402 [ERROR] 检查异常: 'ttl'
2026-07-01 09:20:49,408 [ERROR] 检查异常: 'ttl'
2026-07-01 09:21:54,413 [ERROR] 检查异常: 'ttl'
2026-07-01 09:22:59,419 [ERROR] 检查异常: 'ttl'
2026-07-01 09:24:04,426 [ERROR] 检查异常: 'ttl'
2026-07-01 09:25:09,431 [ERROR] 检查异常: 'ttl'
2026-07-01 09:26:14,436 [ERROR] 检查异常: 'ttl'
2026-07-01 09:27:19,441 [ERROR] 检查异常: 'ttl'
2026-07-01 09:28:24,446 [ERROR] 检查异常: 'ttl'
2026-07-01 09:29:29,454 [ERROR] 检查异常: 'ttl'
2026-07-01 09:30:34,460 [ERROR] 检查异常: 'ttl'
2026-07-01 09:30:55,787 [INFO] 收到到 SIGTERM，停止主命循环...
2026-07-01 09:31:07,144 [INFO] ==================================================
2026-07-01 09:31:07,144 [INFO] 到期项到期后台监控服务启动
2026-07-01 09:31:07,144 [INFO] 检查频率：每分钟一次
2026-07-01 09:31:07,144 [INFO] ==================================================
2026-07-01 09:32:07,152 [ERROR] 检查异常: 'ttl'
2026-07-01 09:33:12,158 [ERROR] 检查异常: 'ttl'
2026-07-01 09:34:17,163 [ERROR] 检查异常: 'ttl'
2026-07-01 09:35:22,170 [ERROR] 检查异常: 'ttl'
2026-07-01 09:35:58,806 [INFO] 收到到 SIGTERM，停止主命循环...
2026-07-01 09:36:10,840 [INFO] ==================================================
2026-07-01 09:36:10,841 [INFO] 到期项到期后台监控服务启动
2026-07-01 09:36:10,841 [INFO] 检查频率：每分钟一次
2026-07-01 09:36:10,841 [INFO] ==================================================
2026-07-01 09:57:01,768 [INFO] 收到到 SIGTERM，停止主命循环...
2026-07-01 09:57:13,592 [INFO] ==================================================
2026-07-01 09:57:13,593 [INFO] 到期项到期后台监控服务启动
2026-07-01 09:57:13,593 [INFO] 检查频率：每分钟一次
2026-07-01 09:57:13,593 [INFO] ==================================================
2026-07-01 10:27:50,470 [INFO] 收到到 SIGTERM，停止主命循环...
2026-07-01 10:28:02,201 [INFO] ==================================================
2026-07-01 10:28:02,202 [INFO] 到期项到期后台监控服务启动
2026-07-01 10:28:02,202 [INFO] 检查频率：每分钟一次
2026-07-01 10:28:02,202 [INFO] ==================================================
2026-07-01 11:09:15,435 [INFO] 收到到 SIGTERM，停止主命循环...
2026-07-01 11:09:26,776 [INFO] ==================================================
2026-07-01 11:09:26,776 [INFO] 到期项到期后台监控服务启动
2026-07-01 11:09:26,776 [INFO] 检查频率：每分钟一次
2026-07-01 11:09:26,776 [INFO] ==================================================
2026-07-01 11:34:43,416 [INFO] 收到到 SIGTERM，停止主命循环...
2026-07-01 11:34:55,549 [INFO] ==================================================
2026-07-01 11:34:55,551 [INFO] 到期项到期后台监控服务启动
2026-07-01 11:34:55,551 [INFO] 检查频率：每分钟一次
2026-07-01 11:34:55,552 [INFO] ==================================================
2026-07-01 11:40:39,996 [INFO] 收到到 SIGTERM，停止主命循环...
2026-07-01 11:40:51,465 [INFO] ==================================================
2026-07-01 11:40:51,465 [INFO] 到期项到期后台监控服务启动
2026-07-01 11:40:51,465 [INFO] 检查频率：每分钟一次
2026-07-01 11:40:51,465 [INFO] ==================================================
2026-07-01 11:59:38,086 [INFO] 收到到 SIGTERM，停止主命循环...
2026-07-01 11:59:50,198 [INFO] ==================================================
2026-07-01 11:59:50,198 [INFO] 到期项到期后台监控服务启动
2026-07-01 11:59:50,199 [INFO] 检查频率：每分钟一次
2026-07-01 11:59:50,199 [INFO] ==================================================
2026-07-01 12:33:32,974 [INFO] 收到到 SIGTERM，停止主命循环...
2026-07-01 12:33:44,515 [INFO] ==================================================
2026-07-01 12:33:44,516 [INFO] 到期项到期后台监控服务启动
2026-07-01 12:33:44,516 [INFO] 检查频率：每分钟一次
2026-07-01 12:33:44,516 [INFO] ==================================================
2026-07-01 18:43:46,767 [INFO] 收到到 SIGTERM，停止主命循环...
2026-07-01 18:43:59,073 [INFO] ==================================================
2026-07-01 18:43:59,073 [INFO] 到期项到期后台监控服务启动
2026-07-01 18:43:59,073 [INFO] 检查频率：每分钟一次
2026-07-01 18:43:59,073 [INFO] ==================================================
2026-07-01 18:46:22,855 [INFO] 收到到 SIGTERM，停止主命循环...
2026-07-01 18:46:34,430 [INFO] ==================================================
2026-07-01 18:46:34,430 [INFO] 到期项到期后台监控服务启动
2026-07-01 18:46:34,430 [INFO] 检查频率：每分钟一次
2026-07-01 18:46:34,430 [INFO] ==================================================
2026-07-01 20:31:05,480 [INFO] 收到到 SIGTERM，停止主命循环...
2026-07-01 20:31:16,883 [INFO] ==================================================
2026-07-01 20:31:16,884 [INFO] 到期项到期后台监控服务启动
2026-07-01 20:31:16,884 [INFO] 检查频率：每分钟一次
2026-07-01 20:31:16,884 [INFO] ==================================================
2026-07-01 21:45:18,118 [INFO] 收到到 SIGTERM，停止主命循环...
2026-07-01 21:45:30,068 [INFO] ==================================================
2026-07-01 21:45:30,069 [INFO] 到期项到期后台监控服务启动
2026-07-01 21:45:30,069 [INFO] 检查频率：每分钟一次
2026-07-01 21:45:30,069 [INFO] ==================================================
2026-07-01 21:53:51,810 [INFO] 收到到 SIGTERM，停止主命循环...
2026-07-01 21:54:03,714 [INFO] ==================================================
2026-07-01 21:54:03,715 [INFO] 到期项到期后台监控服务启动
2026-07-01 21:54:03,715 [INFO] 检查频率：每分钟一次
2026-07-01 21:54:03,715 [INFO] ==================================================
2026-07-01 23:31:29,236 [INFO] 收到到 SIGTERM，停止主命循环...
2026-07-01 23:31:42,951 [INFO] ==================================================
2026-07-01 23:31:42,957 [INFO] 到期项到期后台监控服务启动
2026-07-01 23:31:42,958 [INFO] 检查频率：每分钟一次
2026-07-01 23:31:42,958 [INFO] ==================================================
2026-07-02 07:55:32,823 [INFO] 收到到 SIGTERM，停止主命循环...
2026-07-02 07:55:44,896 [INFO] ==================================================
2026-07-02 07:55:44,898 [INFO] 到期项到期后台监控服务启动
2026-07-02 07:55:44,898 [INFO] 检查频率：每分钟一次
2026-07-02 07:55:44,898 [INFO] ==================================================
2026-07-02 07:59:05,218 [INFO] 收到到 SIGTERM，停止主命循环...
2026-07-02 07:59:16,701 [INFO] ==================================================
2026-07-02 07:59:16,704 [INFO] 到期项到期后台监控服务启动
2026-07-02 07:59:16,704 [INFO] 检查频率：每分钟一次
2026-07-02 07:59:16,704 [INFO] ==================================================
2026-07-02 08:07:52,104 [INFO] 收到到 SIGTERM，停止主命循环...
2026-07-02 08:08:03,862 [INFO] ==================================================
2026-07-02 08:08:03,862 [INFO] 到期项到期后台监控服务启动
2026-07-02 08:08:03,863 [INFO] 检查频率：每分钟一次
2026-07-02 08:08:03,863 [INFO] ==================================================
2026-07-02 08:39:17,618 [INFO] 收到到 SIGTERM，停止主命循环...
2026-07-02 08:39:29,598 [INFO] ==================================================
2026-07-02 08:39:29,598 [INFO] 到期项到期后台监控服务启动
2026-07-02 08:39:29,598 [INFO] 检查频率：每分钟一次
2026-07-02 08:39:29,598 [INFO] ==================================================
2026-07-02 08:42:45,898 [INFO] 收到到 SIGTERM，停止主命循环...
2026-07-02 08:42:56,993 [INFO] ==================================================
2026-07-02 08:42:56,993 [INFO] 到期项到期后台监控服务启动
2026-07-02 08:42:56,993 [INFO] 检查频率：每分钟一次
2026-07-02 08:42:56,993 [INFO] ==================================================
2026-07-02 08:44:47,197 [INFO] 收到到 SIGTERM，停止主命循环...
2026-07-02 08:44:58,755 [INFO] ==================================================
2026-07-02 08:44:58,757 [INFO] 到期项到期后台监控服务启动
2026-07-02 08:44:58,757 [INFO] 检查频率：每分钟一次
2026-07-02 08:44:58,758 [INFO] ==================================================
2026-07-02 08:53:55,394 [INFO] 收到到 SIGTERM，停止主命循环...
2026-07-02 08:54:07,222 [INFO] ==================================================
2026-07-02 08:54:07,224 [INFO] 到期项到期后台监控服务启动
2026-07-02 08:54:07,224 [INFO] 检查频率：每分钟一次
2026-07-02 08:54:07,224 [INFO] ==================================================
2026-07-02 09:16:28,636 [INFO] 收到到 SIGTERM，停止主命循环...
2026-07-02 09:16:41,539 [INFO] ==================================================
2026-07-02 09:16:41,539 [INFO] 到期项到期后台监控服务启动
2026-07-02 09:16:41,539 [INFO] 检查频率：每分钟一次
2026-07-02 09:16:41,539 [INFO] ==================================================
2026-07-02 09:31:47,634 [INFO] 收到到 SIGTERM，停止主命循环...
2026-07-02 09:31:59,812 [INFO] ==================================================
2026-07-02 09:31:59,812 [INFO] 到期项到期后台监控服务启动
2026-07-02 09:31:59,812 [INFO] 检查频率：每分钟一次
2026-07-02 09:31:59,813 [INFO] ==================================================
2026-07-02 09:35:40,142 [INFO] 收到到 SIGTERM，停止主命循环...
2026-07-02 09:35:53,172 [INFO] ==================================================
2026-07-02 09:35:53,172 [INFO] 到期项到期后台监控服务启动
2026-07-02 09:35:53,172 [INFO] 检查频率：每分钟一次
2026-07-02 09:35:53,173 [INFO] ==================================================
2026-07-02 09:47:48,130 [INFO] 收到到 SIGTERM，停止主命循环...
2026-07-02 09:47:59,969 [INFO] ==================================================
2026-07-02 09:47:59,970 [INFO] 到期项到期后台监控服务启动
2026-07-02 09:47:59,971 [INFO] 检查频率：每分钟一次
2026-07-02 09:47:59,971 [INFO] ==================================================
2026-07-02 09:50:51,153 [INFO] 收到到 SIGTERM，停止主命循环...
2026-07-02 09:51:02,723 [INFO] ==================================================
2026-07-02 09:51:02,723 [INFO] 到期项到期后台监控服务启动
2026-07-02 09:51:02,723 [INFO] 检查频率：每分钟一次
2026-07-02 09:51:02,723 [INFO] ==================================================
2026-07-02 10:46:53,672 [INFO] 收到到 SIGTERM，停止主命循环...
2026-07-02 10:47:04,877 [INFO] ==================================================
2026-07-02 10:47:04,877 [INFO] 到期项到期后台监控服务启动
2026-07-02 10:47:04,877 [INFO] 检查频率：每分钟一次
2026-07-02 10:47:04,877 [INFO] ==================================================
2026-07-02 11:01:51,576 [INFO] 收到到 SIGTERM，停止主命循环...
2026-07-02 11:02:03,257 [INFO] ==================================================
2026-07-02 11:02:03,257 [INFO] 到期项到期后台监控服务启动
2026-07-02 11:02:03,257 [INFO] 检查频率：每分钟一次
2026-07-02 11:02:03,257 [INFO] ==================================================
2026-07-02 11:06:23,830 [INFO] 收到到 SIGTERM，停止主命循环...
2026-07-02 11:06:35,616 [INFO] ==================================================
2026-07-02 11:06:35,616 [INFO] 到期项到期后台监控服务启动
2026-07-02 11:06:35,616 [INFO] 检查频率：每分钟一次
2026-07-02 11:06:35,616 [INFO] ==================================================
2026-07-02 12:53:16,423 [INFO] 收到到 SIGTERM，停止主命循环...
2026-07-02 14:28:59,608 [INFO] ==================================================
2026-07-02 14:28:59,613 [INFO] 到期项到期后台监控服务启动
2026-07-02 14:28:59,613 [INFO] 检查频率：每分钟一次
2026-07-02 14:28:59,613 [INFO] ==================================================
2026-07-02 14:33:04,426 [INFO] 收到到 SIGTERM，停止主命循环...
2026-07-02 14:33:16,102 [INFO] ==================================================
2026-07-02 14:33:16,103 [INFO] 到期项到期后台监控服务启动
2026-07-02 14:33:16,103 [INFO] 检查频率：每分钟一次
2026-07-02 14:33:16,103 [INFO] ==================================================
2026-07-02 14:51:14,496 [INFO] 收到到 SIGTERM，停止主命循环...
2026-07-02 14:51:25,919 [INFO] ==================================================
2026-07-02 14:51:25,920 [INFO] 到期项到期后台监控服务启动
2026-07-02 14:51:25,920 [INFO] 检查频率：每分钟一次
2026-07-02 14:51:25,920 [INFO] ==================================================
2026-07-02 14:51:40,478 [INFO] 收到到 SIGTERM，停止主命循环...
2026-07-02 14:51:51,923 [INFO] ==================================================
2026-07-02 14:51:51,924 [INFO] 到期项到期后台监控服务启动
2026-07-02 14:51:51,924 [INFO] 检查频率：每分钟一次
2026-07-02 14:51:51,924 [INFO] ==================================================
2026-07-02 14:56:28,508 [INFO] 收到到 SIGTERM，停止主命循环...
2026-07-02 14:56:40,376 [INFO] ==================================================
2026-07-02 14:56:40,382 [INFO] 到期项到期后台监控服务启动
2026-07-02 14:56:40,382 [INFO] 检查频率：每分钟一次
2026-07-02 14:56:40,382 [INFO] ==================================================
2026-07-02 15:01:00,944 [INFO] 收到到 SIGTERM，停止主命循环...
2026-07-02 15:01:12,488 [INFO] ==================================================
2026-07-02 15:01:12,488 [INFO] 到期项到期后台监控服务启动
2026-07-02 15:01:12,488 [INFO] 检查频率：每分钟一次
2026-07-02 15:01:12,489 [INFO] ==================================================
2026-07-02 15:37:58,910 [INFO] 收到到 SIGTERM，停止主命循环...
2026-07-02 15:38:10,834 [INFO] ==================================================
2026-07-02 15:38:10,837 [INFO] 到期项到期后台监控服务启动
2026-07-02 15:38:10,837 [INFO] 检查频率：每分钟一次
2026-07-02 15:38:10,837 [INFO] ==================================================
2026-07-02 15:39:53,693 [INFO] 收到到 SIGTERM，停止主命循环...
2026-07-02 15:40:05,735 [INFO] ==================================================
2026-07-02 15:40:05,736 [INFO] 到期项到期后台监控服务启动
2026-07-02 15:40:05,736 [INFO] 检查频率：每分钟一次
2026-07-02 15:40:05,736 [INFO] ==================================================
2026-07-02 15:41:05,463 [INFO] 收到到 SIGTERM，停止主命循环...
2026-07-02 15:41:17,074 [INFO] ==================================================
2026-07-02 15:41:17,079 [INFO] 到期项到期后台监控服务启动
2026-07-02 15:41:17,079 [INFO] 检查频率：每分钟一次
2026-07-02 15:41:17,079 [INFO] ==================================================
2026-07-02 15:49:05,306 [INFO] 收到到 SIGTERM，停止主命循环...
2026-07-02 15:49:17,291 [INFO] ==================================================
2026-07-02 15:49:17,291 [INFO] 到期项到期后台监控服务启动
2026-07-02 15:49:17,291 [INFO] 检查频率：每分钟一次
2026-07-02 15:49:17,291 [INFO] ==================================================
2026-07-02 16:04:55,288 [INFO] 收到到 SIGTERM，停止主命循环...
2026-07-02 16:05:06,768 [INFO] ==================================================
2026-07-02 16:05:06,768 [INFO] 到期项到期后台监控服务启动
2026-07-02 16:05:06,768 [INFO] 检查频率：每分钟一次
2026-07-02 16:05:06,768 [INFO] ==================================================
2026-07-02 16:23:53,573 [INFO] 收到到 SIGTERM，停止主命循环...
2026-07-02 16:24:05,375 [INFO] ==================================================
2026-07-02 16:24:05,378 [INFO] 到期项到期后台监控服务启动
2026-07-02 16:24:05,378 [INFO] 检查频率：每分钟一次
2026-07-02 16:24:05,378 [INFO] ==================================================
2026-07-02 17:43:54,719 [INFO] 收到到 SIGTERM，停止主命循环...
2026-07-02 17:44:06,744 [INFO] ==================================================
2026-07-02 17:44:06,744 [INFO] 到期项到期后台监控服务启动
2026-07-02 17:44:06,744 [INFO] 检查频率：每分钟一次
2026-07-02 17:44:06,744 [INFO] ==================================================
2026-07-02 19:46:37,273 [INFO] 收到到 SIGTERM，停止主命循环...
2026-07-02 19:46:49,210 [INFO] ==================================================
2026-07-02 19:46:49,211 [INFO] 到期项到期后台监控服务启动
2026-07-02 19:46:49,211 [INFO] 检查频率：每分钟一次
2026-07-02 19:46:49,212 [INFO] ==================================================
